<?xml version="1.0" encoding="UTF-8"?>
<!-- Generated by org.testng.reporters.JUnitXMLReporter -->
<testsuite hostname="DESKTOP-FA5E7ED" ignored="0" name="Surefire test" tests="4" failures="0" timestamp="30 May 2017 09:38:20 GMT" time="112.551" errors="0">
  <testcase name="feature" time="7.553" classname="cucumber.api.testng.AbstractTestNGCucumberTests"/>
  <testcase name="feature" time="87.214" classname="cucumber.api.testng.AbstractTestNGCucumberTests"/>
  <testcase name="feature" time="11.576" classname="cucumber.api.testng.AbstractTestNGCucumberTests"/>
  <testcase name="feature" time="5.88" classname="cucumber.api.testng.AbstractTestNGCucumberTests"/>
</testsuite> <!-- Surefire test -->
