<?xml version="1.0" encoding="UTF-8"?>
<testng-results skipped="0" failed="0" ignored="0" total="4" passed="4">
  <reporter-output>
  </reporter-output>
  <suite name="Surefire suite" duration-ms="112551" started-at="2017-05-30T09:36:28Z" finished-at="2017-05-30T09:38:20Z">
    <groups>
      <group name="cucumber">
        <method signature="AbstractTestNGCucumberTests.feature(cucumber.api.testng.CucumberFeatureWrapper)[pri:0, instance:runner.TestRunner@3551a94]" name="feature" class="cucumber.api.testng.AbstractTestNGCucumberTests"/>
      </group> <!-- cucumber -->
    </groups>
    <test name="Surefire test" duration-ms="112551" started-at="2017-05-30T09:36:28Z" finished-at="2017-05-30T09:38:20Z">
      <class name="runner.TestRunner">
        <test-method status="PASS" signature="setUpClass()[pri:0, instance:runner.TestRunner@3551a94]" name="setUpClass" is-config="true" duration-ms="219" started-at="2017-05-30T19:36:28Z" finished-at="2017-05-30T19:36:28Z">
          <reporter-output>
          </reporter-output>
        </test-method> <!-- setUpClass -->
        <test-method status="PASS" signature="feature(cucumber.api.testng.CucumberFeatureWrapper)[pri:0, instance:runner.TestRunner@3551a94]" name="feature" duration-ms="7553" started-at="2017-05-30T19:36:28Z" description="Runs Cucumber Feature" data-provider="features" finished-at="2017-05-30T19:36:36Z">
          <params>
            <param index="0">
              <value>
                <![CDATA[Verify Cart Page Functionality]]>
              </value>
            </param>
          </params>
          <reporter-output>
          </reporter-output>
        </test-method> <!-- feature -->
        <test-method status="PASS" signature="feature(cucumber.api.testng.CucumberFeatureWrapper)[pri:0, instance:runner.TestRunner@3551a94]" name="feature" duration-ms="87214" started-at="2017-05-30T19:36:36Z" description="Runs Cucumber Feature" data-provider="features" finished-at="2017-05-30T19:38:03Z">
          <params>
            <param index="0">
              <value>
                <![CDATA[Verify Contact Page functionality]]>
              </value>
            </param>
          </params>
          <reporter-output>
          </reporter-output>
        </test-method> <!-- feature -->
        <test-method status="PASS" signature="feature(cucumber.api.testng.CucumberFeatureWrapper)[pri:0, instance:runner.TestRunner@3551a94]" name="feature" duration-ms="11576" started-at="2017-05-30T19:38:03Z" description="Runs Cucumber Feature" data-provider="features" finished-at="2017-05-30T19:38:14Z">
          <params>
            <param index="0">
              <value>
                <![CDATA[Verify Login Page functionality]]>
              </value>
            </param>
          </params>
          <reporter-output>
          </reporter-output>
        </test-method> <!-- feature -->
        <test-method status="PASS" signature="feature(cucumber.api.testng.CucumberFeatureWrapper)[pri:0, instance:runner.TestRunner@3551a94]" name="feature" duration-ms="5880" started-at="2017-05-30T19:38:14Z" description="Runs Cucumber Feature" data-provider="features" finished-at="2017-05-30T19:38:20Z">
          <params>
            <param index="0">
              <value>
                <![CDATA[Verify Shop Page Functionality]]>
              </value>
            </param>
          </params>
          <reporter-output>
          </reporter-output>
        </test-method> <!-- feature -->
        <test-method status="PASS" signature="tearDownClass()[pri:0, instance:runner.TestRunner@3551a94]" name="tearDownClass" is-config="true" duration-ms="47" started-at="2017-05-30T19:38:20Z" finished-at="2017-05-30T19:38:20Z">
          <reporter-output>
          </reporter-output>
        </test-method> <!-- tearDownClass -->
      </class> <!-- runner.TestRunner -->
    </test> <!-- Surefire test -->
  </suite> <!-- Surefire suite -->
</testng-results>
